<?xml version="1.0" encoding="UTF-8"?>
<!-- Generated by org.testng.reporters.JUnitXMLReporter -->
<testsuite ignored="0" hostname="DESKTOP-E81936R" failures="0" tests="1" name="Test-Runner-Chrome" time="171.381" errors="0" timestamp="2024-01-04T08:44:43 IST">
  <testcase classname="contactTest.CreateContactTest" name="createContactWithMandatoryField" time="124.594"/>
</testsuite> <!-- Test-Runner-Chrome -->
