<?xml version="1.0" encoding="UTF-8"?>
<!-- Generated by org.testng.reporters.JUnitXMLReporter -->
<testsuite ignored="0" hostname="DESKTOP-E81936R" failures="0" tests="1" name="Test-Runner-Edge" time="169.717" errors="0" timestamp="2024-01-04T08:44:41 IST">
  <testcase classname="contactTest.CreateContactTest" name="createContactWithMandatoryField" time="112.208"/>
</testsuite> <!-- Test-Runner-Edge -->
