<?xml version="1.0" encoding="UTF-8"?>
<!-- Generated by org.testng.reporters.JUnitXMLReporter -->
<testsuite ignored="0" hostname="DESKTOP-E81936R" failures="0" tests="1" name="Test-Runner-2" time="114.617" errors="0" timestamp="2024-01-04T08:52:50 IST">
  <testcase classname="contactTest.CreateContactwithLeadTest1" name="createContactWithLeadSource" time="40.94"/>
</testsuite> <!-- Test-Runner-2 -->
