<?xml version="1.0" encoding="UTF-8"?>
<!-- Generated by org.testng.reporters.JUnitXMLReporter -->
<testsuite ignored="0" hostname="DESKTOP-E81936R" failures="0" tests="1" name="Test-Runner-1" time="114.512" errors="0" timestamp="2024-01-04T08:52:50 IST">
  <testcase classname="contactTest.CreateContactTest" name="createContactWithMandatoryField" time="45.831"/>
</testsuite> <!-- Test-Runner-1 -->
