<?xml version="1.0" encoding="UTF-8"?>
<!-- Generated by org.testng.reporters.JUnitReportReporter -->
<testsuite hostname="DESKTOP-E81936R" failures="0" tests="1" name="contactTest.CreateContactTest" time="77.256" errors="0" timestamp="2024-01-04T08:52:50 IST" skipped="0">
  <testcase classname="contactTest.CreateContactTest" name="createContactWithMandatoryField" time="77.256"/>
  <system-out/>
</testsuite> <!-- contactTest.CreateContactTest -->
