<?xml version="1.0" encoding="UTF-8"?>
<!-- Generated by org.testng.reporters.JUnitReportReporter -->
<testsuite hostname="DESKTOP-E81936R" failures="0" tests="1" name="contactTest.CreateContactwithLeadTest1" time="193.647" errors="0" timestamp="2024-01-09T08:34:16 IST" skipped="0">
  <testcase classname="contactTest.CreateContactwithLeadTest1" name="createContactWithLeadSource" time="193.647"/>
  <system-out/>
</testsuite> <!-- contactTest.CreateContactwithLeadTest1 -->
