<?xml version="1.0" encoding="UTF-8"?>
<!-- Generated by org.testng.reporters.JUnitReportReporter -->
<testsuite hostname="DESKTOP-E81936R" failures="0" tests="1" name="practice.AssertionPractice" time="0.051" errors="0" timestamp="2024-01-02T08:23:05 IST" skipped="0">
  <testcase classname="practice.AssertionPractice" name="Sample" time="0.051"/>
  <system-out/>
</testsuite> <!-- practice.AssertionPractice -->
