<?xml version="1.0" encoding="UTF-8"?>
<!-- Generated by org.testng.reporters.JUnitReportReporter -->
<testsuite hostname="DESKTOP-E81936R" failures="0" tests="1" name="contactTest.CreateContactLeadTest" time="229.516" errors="0" timestamp="2024-01-04T07:52:01 IST" skipped="0">
  <testcase classname="contactTest.CreateContactLeadTest" name="createContactWithLeadSource" time="229.516"/>
  <system-out/>
</testsuite> <!-- contactTest.CreateContactLeadTest -->
